{"contracts\\FundMe.sol":{"l":{"28":0,"29":0,"39":0,"43":0,"44":0,"48":0,"53":0,"54":0,"57":0,"69":0,"70":0,"75":0,"76":0,"78":0,"82":0,"86":0},"path":"E:\\Blockachain  32hrs course\\fundme\\contracts\\FundMe.sol","s":{"1":0,"2":0,"3":0,"4":0,"5":0,"6":0,"7":0,"8":0,"9":0},"b":{"1":[0,0],"2":[0,0],"3":[0,0],"4":[0,0]},"f":{"1":0,"2":0,"3":0,"4":0,"5":0},"fnMap":{"1":{"name":"constructor","line":27,"loc":{"start":{"line":27,"column":4},"end":{"line":30,"column":4}}},"2":{"name":"fund","line":32,"loc":{"start":{"line":32,"column":4},"end":{"line":45,"column":4}}},"3":{"name":"withdraw","line":47,"loc":{"start":{"line":47,"column":4},"end":{"line":71,"column":4}}},"4":{"name":"onlyOwner","line":73,"loc":{"start":{"line":73,"column":4},"end":{"line":79,"column":4}}},"5":{"name":null,"line":85,"loc":{"start":{"line":85,"column":4},"end":{"line":87,"column":4}}}},"statementMap":{"1":{"start":{"line":39,"column":8},"end":{"line":39,"column":1307}},"2":{"start":{"line":43,"column":8},"end":{"line":43,"column":31}},"3":{"start":{"line":48,"column":8},"end":{"line":48,"column":1655}},"4":{"start":{"line":53,"column":12},"end":{"line":53,"column":49}},"5":{"start":{"line":69,"column":8},"end":{"line":69,"column":73}},"6":{"start":{"line":70,"column":8},"end":{"line":70,"column":23}},"7":{"start":{"line":75,"column":8},"end":{"line":75,"column":2575}},"8":{"start":{"line":76,"column":12},"end":{"line":76,"column":41}},"9":{"start":{"line":86,"column":8},"end":{"line":86,"column":13}}},"branchMap":{"1":{"line":39,"type":"if","locations":[{"start":{"line":39,"column":8},"end":{"line":39,"column":8}},{"start":{"line":39,"column":8},"end":{"line":39,"column":8}}]},"2":{"line":47,"type":"if","locations":[{"start":{"line":47,"column":31},"end":{"line":47,"column":31}},{"start":{"line":47,"column":31},"end":{"line":47,"column":31}}]},"3":{"line":70,"type":"if","locations":[{"start":{"line":70,"column":8},"end":{"line":70,"column":8}},{"start":{"line":70,"column":8},"end":{"line":70,"column":8}}]},"4":{"line":75,"type":"if","locations":[{"start":{"line":75,"column":8},"end":{"line":75,"column":8}},{"start":{"line":75,"column":8},"end":{"line":75,"column":8}}]}}},"contracts\\PriceConverter.sol":{"l":{"17":0,"20":0,"31":0,"32":0,"33":0},"path":"E:\\Blockachain  32hrs course\\fundme\\contracts\\PriceConverter.sol","s":{"1":0,"2":0,"3":0,"4":0,"5":0},"b":{},"f":{"1":0,"2":0},"fnMap":{"1":{"name":"getPrice","line":7,"loc":{"start":{"line":7,"column":4},"end":{"line":21,"column":4}}},"2":{"name":"getConversionRate","line":30,"loc":{"start":{"line":30,"column":4},"end":{"line":34,"column":4}}}},"statementMap":{"1":{"start":{"line":17,"column":8},"end":{"line":17,"column":60}},"2":{"start":{"line":20,"column":8},"end":{"line":20,"column":36}},"3":{"start":{"line":31,"column":8},"end":{"line":31,"column":46}},"4":{"start":{"line":32,"column":8},"end":{"line":32,"column":62}},"5":{"start":{"line":33,"column":8},"end":{"line":33,"column":29}}},"branchMap":{}},"contracts\\test\\MockV3Aggregator.sol":{"l":{},"path":"E:\\Blockachain  32hrs course\\fundme\\contracts\\test\\MockV3Aggregator.sol","s":{},"b":{},"f":{},"fnMap":{},"statementMap":{},"branchMap":{}}}